This is pdfTeX, Version 3.14159265-2.6-1.40.18 (TeX Live 2017) (preloaded format=pdflatex 2018.2.13)  10 JUN 2019 14:14
entering extended mode
 \write18 enabled.
 %&-line parsing enabled.
**"arXivSaptarshiAssisi copy.tex"
(./arXivSaptarshiAssisi copy.tex
LaTeX2e <2017-04-15>
Babel <3.10> and hyphenation patterns for 84 language(s) loaded.
(/usr/local/texlive/2017/texmf-dist/tex/latex/base/article.cls
Document Class: article 2014/09/29 v1.4h Standard LaTeX document class
(/usr/local/texlive/2017/texmf-dist/tex/latex/base/size10.clo
File: size10.clo 2014/09/29 v1.4h Standard LaTeX file (size option)
)
\c@part=\count79
\c@section=\count80
\c@subsection=\count81
\c@subsubsection=\count82
\c@paragraph=\count83
\c@subparagraph=\count84
\c@figure=\count85
\c@table=\count86
\abovecaptionskip=\skip41
\belowcaptionskip=\skip42
\bibindent=\dimen102
)
(/usr/local/texlive/2017/texmf-dist/tex/latex/amsmath/amsmath.sty
Package: amsmath 2016/11/05 v2.16a AMS math features
\@mathmargin=\skip43

For additional information on amsmath, use the `?' option.
(/usr/local/texlive/2017/texmf-dist/tex/latex/amsmath/amstext.sty
Package: amstext 2000/06/29 v2.01 AMS text

(/usr/local/texlive/2017/texmf-dist/tex/latex/amsmath/amsgen.sty
File: amsgen.sty 1999/11/30 v2.0 generic functions
\@emptytoks=\toks14
\ex@=\dimen103
))
(/usr/local/texlive/2017/texmf-dist/tex/latex/amsmath/amsbsy.sty
Package: amsbsy 1999/11/29 v1.2d Bold Symbols
\pmbraise@=\dimen104
)
(/usr/local/texlive/2017/texmf-dist/tex/latex/amsmath/amsopn.sty
Package: amsopn 2016/03/08 v2.02 operator names
)
\inf@bad=\count87
LaTeX Info: Redefining \frac on input line 213.
\uproot@=\count88
\leftroot@=\count89
LaTeX Info: Redefining \overline on input line 375.
\classnum@=\count90
\DOTSCASE@=\count91
LaTeX Info: Redefining \ldots on input line 472.
LaTeX Info: Redefining \dots on input line 475.
LaTeX Info: Redefining \cdots on input line 596.
\Mathstrutbox@=\box26
\strutbox@=\box27
\big@size=\dimen105
LaTeX Font Info:    Redeclaring font encoding OML on input line 712.
LaTeX Font Info:    Redeclaring font encoding OMS on input line 713.
\macc@depth=\count92
\c@MaxMatrixCols=\count93
\dotsspace@=\muskip10
\c@parentequation=\count94
\dspbrk@lvl=\count95
\tag@help=\toks15
\row@=\count96
\column@=\count97
\maxfields@=\count98
\andhelp@=\toks16
\eqnshift@=\dimen106
\alignsep@=\dimen107
\tagshift@=\dimen108
\tagwidth@=\dimen109
\totwidth@=\dimen110
\lineht@=\dimen111
\@envbody=\toks17
\multlinegap=\skip44
\multlinetaggap=\skip45
\mathdisplay@stack=\toks18
LaTeX Info: Redefining \[ on input line 2817.
LaTeX Info: Redefining \] on input line 2818.
)
(/usr/local/texlive/2017/texmf-dist/tex/latex/amsfonts/amssymb.sty
Package: amssymb 2013/01/14 v3.01 AMS font symbols

(/usr/local/texlive/2017/texmf-dist/tex/latex/amsfonts/amsfonts.sty
Package: amsfonts 2013/01/14 v3.01 Basic AMSFonts support
\symAMSa=\mathgroup4
\symAMSb=\mathgroup5
LaTeX Font Info:    Overwriting math alphabet `\mathfrak' in version `bold'
(Font)                  U/euf/m/n --> U/euf/b/n on input line 106.
))
(/usr/local/texlive/2017/texmf-dist/tex/latex/changepage/changepage.sty
Package: changepage 2009/10/20 v1.0c check page and change page layout
\c@cp@cntr=\count99
\cp@tempcnt=\count100
)
(/usr/local/texlive/2017/texmf-dist/tex/latex/base/inputenc.sty
Package: inputenc 2015/03/17 v1.2c Input encoding file
\inpenc@prehook=\toks19
\inpenc@posthook=\toks20

(/usr/local/texlive/2017/texmf-dist/tex/latex/ucs/utf8x.def
File: utf8x.def 2004/10/17 UCS: Input encoding UTF-8
))
(/usr/local/texlive/2017/texmf-dist/tex/latex/ucs/ucs.sty
Package: ucs 2013/05/11 v2.2 UCS: Unicode input support

(/usr/local/texlive/2017/texmf-dist/tex/latex/ucs/data/uni-global.def
File: uni-global.def 2013/05/13 UCS: Unicode global data
)
\uc@secondtry=\count101
\uc@combtoks=\toks21
\uc@combtoksb=\toks22
\uc@temptokena=\toks23
)
(/usr/local/texlive/2017/texmf-dist/tex/latex/base/textcomp.sty
Package: textcomp 2017/04/05 v2.0i Standard LaTeX package
Package textcomp Info: Sub-encoding information:
(textcomp)               5 = only ISO-Adobe without \textcurrency
(textcomp)               4 = 5 + \texteuro
(textcomp)               3 = 4 + \textohm
(textcomp)               2 = 3 + \textestimated + \textcurrency
(textcomp)               1 = TS1 - \textcircled - \t
(textcomp)               0 = TS1 (full)
(textcomp)             Font families with sub-encoding setting implement
(textcomp)             only a restricted character set as indicated.
(textcomp)             Family '?' is the default used for unknown fonts.
(textcomp)             See the documentation for details.
Package textcomp Info: Setting ? sub-encoding to TS1/1 on input line 79.

(/usr/local/texlive/2017/texmf-dist/tex/latex/base/ts1enc.def
File: ts1enc.def 2001/06/05 v3.0e (jk/car/fm) Standard LaTeX file
)
LaTeX Info: Redefining \oldstylenums on input line 334.
Package textcomp Info: Setting cmr sub-encoding to TS1/0 on input line 349.
Package textcomp Info: Setting cmss sub-encoding to TS1/0 on input line 350.
Package textcomp Info: Setting cmtt sub-encoding to TS1/0 on input line 351.
Package textcomp Info: Setting cmvtt sub-encoding to TS1/0 on input line 352.
Package textcomp Info: Setting cmbr sub-encoding to TS1/0 on input line 353.
Package textcomp Info: Setting cmtl sub-encoding to TS1/0 on input line 354.
Package textcomp Info: Setting ccr sub-encoding to TS1/0 on input line 355.
Package textcomp Info: Setting ptm sub-encoding to TS1/4 on input line 356.
Package textcomp Info: Setting pcr sub-encoding to TS1/4 on input line 357.
Package textcomp Info: Setting phv sub-encoding to TS1/4 on input line 358.
Package textcomp Info: Setting ppl sub-encoding to TS1/3 on input line 359.
Package textcomp Info: Setting pag sub-encoding to TS1/4 on input line 360.
Package textcomp Info: Setting pbk sub-encoding to TS1/4 on input line 361.
Package textcomp Info: Setting pnc sub-encoding to TS1/4 on input line 362.
Package textcomp Info: Setting pzc sub-encoding to TS1/4 on input line 363.
Package textcomp Info: Setting bch sub-encoding to TS1/4 on input line 364.
Package textcomp Info: Setting put sub-encoding to TS1/5 on input line 365.
Package textcomp Info: Setting uag sub-encoding to TS1/5 on input line 366.
Package textcomp Info: Setting ugq sub-encoding to TS1/5 on input line 367.
Package textcomp Info: Setting ul8 sub-encoding to TS1/4 on input line 368.
Package textcomp Info: Setting ul9 sub-encoding to TS1/4 on input line 369.
Package textcomp Info: Setting augie sub-encoding to TS1/5 on input line 370.
Package textcomp Info: Setting dayrom sub-encoding to TS1/3 on input line 371.
Package textcomp Info: Setting dayroms sub-encoding to TS1/3 on input line 372.

Package textcomp Info: Setting pxr sub-encoding to TS1/0 on input line 373.
Package textcomp Info: Setting pxss sub-encoding to TS1/0 on input line 374.
Package textcomp Info: Setting pxtt sub-encoding to TS1/0 on input line 375.
Package textcomp Info: Setting txr sub-encoding to TS1/0 on input line 376.
Package textcomp Info: Setting txss sub-encoding to TS1/0 on input line 377.
Package textcomp Info: Setting txtt sub-encoding to TS1/0 on input line 378.
Package textcomp Info: Setting lmr sub-encoding to TS1/0 on input line 379.
Package textcomp Info: Setting lmdh sub-encoding to TS1/0 on input line 380.
Package textcomp Info: Setting lmss sub-encoding to TS1/0 on input line 381.
Package textcomp Info: Setting lmssq sub-encoding to TS1/0 on input line 382.
Package textcomp Info: Setting lmvtt sub-encoding to TS1/0 on input line 383.
Package textcomp Info: Setting lmtt sub-encoding to TS1/0 on input line 384.
Package textcomp Info: Setting qhv sub-encoding to TS1/0 on input line 385.
Package textcomp Info: Setting qag sub-encoding to TS1/0 on input line 386.
Package textcomp Info: Setting qbk sub-encoding to TS1/0 on input line 387.
Package textcomp Info: Setting qcr sub-encoding to TS1/0 on input line 388.
Package textcomp Info: Setting qcs sub-encoding to TS1/0 on input line 389.
Package textcomp Info: Setting qpl sub-encoding to TS1/0 on input line 390.
Package textcomp Info: Setting qtm sub-encoding to TS1/0 on input line 391.
Package textcomp Info: Setting qzc sub-encoding to TS1/0 on input line 392.
Package textcomp Info: Setting qhvc sub-encoding to TS1/0 on input line 393.
Package textcomp Info: Setting futs sub-encoding to TS1/4 on input line 394.
Package textcomp Info: Setting futx sub-encoding to TS1/4 on input line 395.
Package textcomp Info: Setting futj sub-encoding to TS1/4 on input line 396.
Package textcomp Info: Setting hlh sub-encoding to TS1/3 on input line 397.
Package textcomp Info: Setting hls sub-encoding to TS1/3 on input line 398.
Package textcomp Info: Setting hlst sub-encoding to TS1/3 on input line 399.
Package textcomp Info: Setting hlct sub-encoding to TS1/5 on input line 400.
Package textcomp Info: Setting hlx sub-encoding to TS1/5 on input line 401.
Package textcomp Info: Setting hlce sub-encoding to TS1/5 on input line 402.
Package textcomp Info: Setting hlcn sub-encoding to TS1/5 on input line 403.
Package textcomp Info: Setting hlcw sub-encoding to TS1/5 on input line 404.
Package textcomp Info: Setting hlcf sub-encoding to TS1/5 on input line 405.
Package textcomp Info: Setting pplx sub-encoding to TS1/3 on input line 406.
Package textcomp Info: Setting pplj sub-encoding to TS1/3 on input line 407.
Package textcomp Info: Setting ptmx sub-encoding to TS1/4 on input line 408.
Package textcomp Info: Setting ptmj sub-encoding to TS1/4 on input line 409.
)
(/usr/local/texlive/2017/texmf-dist/tex/latex/marvosym/marvosym.sty
Package: marvosym 2011/07/20 v2.2 Martin Vogel's Symbols font definitions
)
(/usr/local/texlive/2017/texmf-dist/tex/latex/cite/cite.sty
LaTeX Info: Redefining \cite on input line 302.
LaTeX Info: Redefining \nocite on input line 332.
Package: cite 2015/02/27  v 5.5
)
(/usr/local/texlive/2017/texmf-dist/tex/latex/hyperref/nameref.sty
Package: nameref 2016/05/21 v2.44 Cross-referencing by name of section

(/usr/local/texlive/2017/texmf-dist/tex/latex/oberdiek/refcount.sty
Package: refcount 2016/05/16 v3.5 Data extraction from label references (HO)

(/usr/local/texlive/2017/texmf-dist/tex/generic/oberdiek/ltxcmds.sty
Package: ltxcmds 2016/05/16 v1.23 LaTeX kernel commands for general use (HO)
)
(/usr/local/texlive/2017/texmf-dist/tex/generic/oberdiek/infwarerr.sty
Package: infwarerr 2016/05/16 v1.4 Providing info/warning/error messages (HO)
))
(/usr/local/texlive/2017/texmf-dist/tex/generic/oberdiek/gettitlestring.sty
Package: gettitlestring 2016/05/16 v1.5 Cleanup title references (HO)

(/usr/local/texlive/2017/texmf-dist/tex/latex/oberdiek/kvoptions.sty
Package: kvoptions 2016/05/16 v3.12 Key value format for package options (HO)

(/usr/local/texlive/2017/texmf-dist/tex/latex/graphics/keyval.sty
Package: keyval 2014/10/28 v1.15 key=value parser (DPC)
\KV@toks@=\toks24
)
(/usr/local/texlive/2017/texmf-dist/tex/generic/oberdiek/kvsetkeys.sty
Package: kvsetkeys 2016/05/16 v1.17 Key value parser (HO)

(/usr/local/texlive/2017/texmf-dist/tex/generic/oberdiek/etexcmds.sty
Package: etexcmds 2016/05/16 v1.6 Avoid name clashes with e-TeX commands (HO)

(/usr/local/texlive/2017/texmf-dist/tex/generic/oberdiek/ifluatex.sty
Package: ifluatex 2016/05/16 v1.4 Provides the ifluatex switch (HO)
Package ifluatex Info: LuaTeX not detected.
)
Package etexcmds Info: Could not find \expanded.
(etexcmds)             That can mean that you are not using pdfTeX 1.50 or
(etexcmds)             that some package has redefined \expanded.
(etexcmds)             In the latter case, load this package earlier.
))))
\c@section@level=\count102
LaTeX Info: Redefining \ref on input line 355.
LaTeX Info: Redefining \pageref on input line 355.
)
(/usr/local/texlive/2017/texmf-dist/tex/latex/hyperref/hyperref.sty
Package: hyperref 2017/03/14 v6.85a Hypertext links for LaTeX

(/usr/local/texlive/2017/texmf-dist/tex/generic/oberdiek/hobsub-hyperref.sty
Package: hobsub-hyperref 2016/05/16 v1.14 Bundle oberdiek, subset hyperref (HO)


(/usr/local/texlive/2017/texmf-dist/tex/generic/oberdiek/hobsub-generic.sty
Package: hobsub-generic 2016/05/16 v1.14 Bundle oberdiek, subset generic (HO)
Package: hobsub 2016/05/16 v1.14 Construct package bundles (HO)
Package hobsub Info: Skipping package `infwarerr' (already loaded).
Package hobsub Info: Skipping package `ltxcmds' (already loaded).
Package hobsub Info: Skipping package `ifluatex' (already loaded).
Package: ifvtex 2016/05/16 v1.6 Detect VTeX and its facilities (HO)
Package ifvtex Info: VTeX not detected.
Package: intcalc 2016/05/16 v1.2 Expandable calculations with integers (HO)
Package: ifpdf 2017/03/15 v3.2 Provides the ifpdf switch
Package hobsub Info: Skipping package `etexcmds' (already loaded).
Package hobsub Info: Skipping package `kvsetkeys' (already loaded).
Package: kvdefinekeys 2016/05/16 v1.4 Define keys (HO)
Package: pdftexcmds 2017/03/19 v0.25 Utility functions of pdfTeX for LuaTeX (HO
)
Package pdftexcmds Info: LuaTeX not detected.
Package pdftexcmds Info: \pdf@primitive is available.
Package pdftexcmds Info: \pdf@ifprimitive is available.
Package pdftexcmds Info: \pdfdraftmode found.
Package: pdfescape 2016/05/16 v1.14 Implements pdfTeX's escape features (HO)
Package: bigintcalc 2016/05/16 v1.4 Expandable calculations on big integers (HO
)
Package: bitset 2016/05/16 v1.2 Handle bit-vector datatype (HO)
Package: uniquecounter 2016/05/16 v1.3 Provide unlimited unique counter (HO)
)
Package hobsub Info: Skipping package `hobsub' (already loaded).
Package: letltxmacro 2016/05/16 v1.5 Let assignment for LaTeX macros (HO)
Package: hopatch 2016/05/16 v1.3 Wrapper for package hooks (HO)
Package: xcolor-patch 2016/05/16 xcolor patch
Package: atveryend 2016/05/16 v1.9 Hooks at the very end of document (HO)
Package atveryend Info: \enddocument detected (standard20110627).
Package: atbegshi 2016/06/09 v1.18 At begin shipout hook (HO)
Package hobsub Info: Skipping package `refcount' (already loaded).
Package: hycolor 2016/05/16 v1.8 Color options for hyperref/bookmark (HO)
)
(/usr/local/texlive/2017/texmf-dist/tex/generic/ifxetex/ifxetex.sty
Package: ifxetex 2010/09/12 v0.6 Provides ifxetex conditional
)
(/usr/local/texlive/2017/texmf-dist/tex/latex/oberdiek/auxhook.sty
Package: auxhook 2016/05/16 v1.4 Hooks for auxiliary files (HO)
)
\@linkdim=\dimen112
\Hy@linkcounter=\count103
\Hy@pagecounter=\count104

(/usr/local/texlive/2017/texmf-dist/tex/latex/hyperref/pd1enc.def
File: pd1enc.def 2017/03/14 v6.85a Hyperref: PDFDocEncoding definition (HO)
)
\Hy@SavedSpaceFactor=\count105

(/usr/local/texlive/2017/texmf-dist/tex/latex/latexconfig/hyperref.cfg
File: hyperref.cfg 2002/06/06 v1.2 hyperref configuration of TeXLive
)
Package hyperref Info: Hyper figures OFF on input line 4498.
Package hyperref Info: Link nesting OFF on input line 4503.
Package hyperref Info: Hyper index ON on input line 4506.
Package hyperref Info: Plain pages OFF on input line 4513.
Package hyperref Info: Backreferencing OFF on input line 4518.
Package hyperref Info: Implicit mode ON; LaTeX internals redefined.
Package hyperref Info: Bookmarks ON on input line 4751.
\c@Hy@tempcnt=\count106

(/usr/local/texlive/2017/texmf-dist/tex/latex/url/url.sty
\Urlmuskip=\muskip11
Package: url 2013/09/16  ver 3.4  Verb mode for urls, etc.
)
LaTeX Info: Redefining \url on input line 5104.
\XeTeXLinkMargin=\dimen113
\Fld@menulength=\count107
\Field@Width=\dimen114
\Fld@charsize=\dimen115
Package hyperref Info: Hyper figures OFF on input line 6358.
Package hyperref Info: Link nesting OFF on input line 6363.
Package hyperref Info: Hyper index ON on input line 6366.
Package hyperref Info: backreferencing OFF on input line 6373.
Package hyperref Info: Link coloring OFF on input line 6378.
Package hyperref Info: Link coloring with OCG OFF on input line 6383.
Package hyperref Info: PDF/A mode OFF on input line 6388.
LaTeX Info: Redefining \ref on input line 6428.
LaTeX Info: Redefining \pageref on input line 6432.
\Hy@abspage=\count108
\c@Item=\count109
\c@Hfootnote=\count110
)

Package hyperref Message: Driver (autodetected): hpdftex.

(/usr/local/texlive/2017/texmf-dist/tex/latex/hyperref/hpdftex.def
File: hpdftex.def 2017/03/14 v6.85a Hyperref driver for pdfTeX
\Fld@listcount=\count111
\c@bookmark@seq@number=\count112

(/usr/local/texlive/2017/texmf-dist/tex/latex/oberdiek/rerunfilecheck.sty
Package: rerunfilecheck 2016/05/16 v1.8 Rerun checks for auxiliary files (HO)
Package uniquecounter Info: New unique counter `rerunfilecheck' on input line 2
82.
)
\Hy@SectionHShift=\skip46
)
(/usr/local/texlive/2017/texmf-dist/tex/latex/microtype/microtype.sty
Package: microtype 2016/05/14 v2.6a Micro-typographical refinements (RS)
\MT@toks=\toks25
\MT@count=\count113
LaTeX Info: Redefining \textls on input line 774.
\MT@outer@kern=\dimen116
LaTeX Info: Redefining \textmicrotypecontext on input line 1310.
\MT@listname@count=\count114

(/usr/local/texlive/2017/texmf-dist/tex/latex/microtype/microtype-pdftex.def
File: microtype-pdftex.def 2016/05/14 v2.6a Definitions specific to pdftex (RS)

LaTeX Info: Redefining \lsstyle on input line 916.
LaTeX Info: Redefining \lslig on input line 916.
\MT@outer@space=\skip47
)
Package microtype Info: Loading configuration file microtype.cfg.

(/usr/local/texlive/2017/texmf-dist/tex/latex/microtype/microtype.cfg
File: microtype.cfg 2016/05/14 v2.6a microtype main configuration file (RS)
))
(/usr/local/texlive/2017/texmf-dist/tex/latex/xcolor/xcolor.sty
Package: xcolor 2016/05/11 v2.12 LaTeX color extensions (UK)

(/usr/local/texlive/2017/texmf-dist/tex/latex/graphics-cfg/color.cfg
File: color.cfg 2016/01/02 v1.6 sample color configuration
)
Package xcolor Info: Driver file: pdftex.def on input line 225.

(/usr/local/texlive/2017/texmf-dist/tex/latex/graphics-def/pdftex.def
File: pdftex.def 2017/01/12 v0.06k Graphics/color for pdfTeX
\Gread@gobject=\count115
)
(/usr/local/texlive/2017/texmf-dist/tex/latex/colortbl/colortbl.sty
Package: colortbl 2012/02/13 v1.0a Color table columns (DPC)

(/usr/local/texlive/2017/texmf-dist/tex/latex/tools/array.sty
Package: array 2016/10/06 v2.4d Tabular extension package (FMi)
\col@sep=\dimen117
\extrarowheight=\dimen118
\NC@list=\toks26
\extratabsurround=\skip48
\backup@length=\skip49
)
\everycr=\toks27
\minrowclearance=\skip50
)
\rownum=\count116
Package xcolor Info: Model `cmy' substituted by `cmy0' on input line 1348.
Package xcolor Info: Model `hsb' substituted by `rgb' on input line 1352.
Package xcolor Info: Model `RGB' extended on input line 1364.
Package xcolor Info: Model `HTML' substituted by `rgb' on input line 1366.
Package xcolor Info: Model `Hsb' substituted by `hsb' on input line 1367.
Package xcolor Info: Model `tHsb' substituted by `hsb' on input line 1368.
Package xcolor Info: Model `HSB' substituted by `hsb' on input line 1369.
Package xcolor Info: Model `Gray' substituted by `gray' on input line 1370.
Package xcolor Info: Model `wave' substituted by `hsb' on input line 1371.
)
(/usr/local/texlive/2017/texmf-dist/tex/latex/minted/minted.sty
Package: minted 2016/10/31 v2.4.1 Yet another Pygments shim for LaTeX

(/usr/local/texlive/2017/texmf-dist/tex/latex/fvextra/fvextra.sty
Package: fvextra 2016/09/02 v1.2.1 fvextra - extensions and patches for fancyvr
b

(/usr/local/texlive/2017/texmf-dist/tex/latex/base/ifthen.sty
Package: ifthen 2014/09/29 v1.1c Standard LaTeX ifthen package (DPC)
)
(/usr/local/texlive/2017/texmf-dist/tex/latex/etoolbox/etoolbox.sty
Package: etoolbox 2017/01/02 v2.4 e-TeX tools for LaTeX (JAW)
\etb@tempcnta=\count117
)
(/usr/local/texlive/2017/texmf-dist/tex/latex/fancyvrb/fancyvrb.sty
Package: fancyvrb 2008/02/07

Style option: `fancyvrb' v2.7a, with DG/SPQR fixes, and firstline=lastline fix 
<2008/02/07> (tvz)
\FV@CodeLineNo=\count118
\FV@InFile=\read1
\FV@TabBox=\box28
\c@FancyVerbLine=\count119
\FV@StepNumber=\count120
\FV@OutFile=\write3
)
(/usr/local/texlive/2017/texmf-dist/tex/latex/upquote/upquote.sty
Package: upquote 2012/04/19 v1.3 upright-quote and grave-accent glyphs in verba
tim
)
(/usr/local/texlive/2017/texmf-dist/tex/latex/lineno/lineno.sty
Package: lineno 2005/11/02 line numbers on paragraphs v4.41
\linenopenalty=\count121
\output=\toks28
\linenoprevgraf=\count122
\linenumbersep=\dimen119
\linenumberwidth=\dimen120
\c@linenumber=\count123
\c@pagewiselinenumber=\count124
\c@LN@truepage=\count125
\c@internallinenumber=\count126
\c@internallinenumbers=\count127
\quotelinenumbersep=\dimen121
\bframerule=\dimen122
\bframesep=\dimen123
\bframebox=\box29
LaTeX Info: Redefining \\ on input line 3056.
)
\c@FV@TrueTabGroupLevel=\count128
\c@FV@TrueTabCounter=\count129
\FV@TabBox@Group=\box30
\FV@TmpLength=\skip51
\c@FV@HighlightLinesStart=\count130
\c@FV@HighlightLinesStop=\count131
\FV@BreakIndent=\dimen124
\FV@BreakSymbolSepLeft=\dimen125
\FV@BreakSymbolSepRight=\dimen126
\FV@BreakSymbolIndentLeft=\dimen127
\FV@BreakSymbolIndentRight=\dimen128
\c@FancyVerbLineBreakLast=\count132
\FV@LineBox=\box31
\FV@LineIndentBox=\box32
)
(/usr/local/texlive/2017/texmf-dist/tex/latex/float/float.sty
Package: float 2001/11/08 v1.3d Float enhancements (AL)
\c@float@type=\count133
\float@exts=\toks29
\float@box=\box33
\@float@everytoks=\toks30
\@floatcapt=\box34
)
(/usr/local/texlive/2017/texmf-dist/tex/latex/tools/calc.sty
Package: calc 2014/10/28 v4.3 Infix arithmetic (KKT,FJ)
\calc@Acount=\count134
\calc@Bcount=\count135
\calc@Adimen=\dimen129
\calc@Bdimen=\dimen130
\calc@Askip=\skip52
\calc@Bskip=\skip53
LaTeX Info: Redefining \setlength on input line 80.
LaTeX Info: Redefining \addtolength on input line 81.
\calc@Ccount=\count136
\calc@Cskip=\skip54
)
(/usr/local/texlive/2017/texmf-dist/tex/latex/tools/shellesc.sty
Package: shellesc 2016/06/07 v0.02a unified shell escape interface for LaTeX
Package shellesc Info: Unrestricted shell escape enabled on input line 67.
)
(/usr/local/texlive/2017/texmf-dist/tex/latex/ifplatform/ifplatform.sty
Package: ifplatform 2010/10/22 v0.4 Testing for the operating system

(/usr/local/texlive/2017/texmf-dist/tex/generic/oberdiek/catchfile.sty
Package: catchfile 2016/05/16 v1.7 Catch the contents of a file (HO)
)
runsystem(uname -s > ""arXivSaptarshiAssisi copy".w18")...executed.



! Package catchfile Error: File `"arXivSaptarshiAssisi copy".w18' not found.

See the catchfile package documentation for explanation.
Type  H <return>  for immediate help.
 ...                                              
                                                  
l.93     \CatchFileDef\@tempa{\ip@file}{}
                                         
Try typing  <return>  to proceed.
If that doesn't work, type  X <return>  to quit.

runsystem(rm -- ""arXivSaptarshiAssisi copy".w18")...executed.

! Argument of \zap@space has an extra }.
<inserted text> 
                \par 
l.95 ...empa{\expandafter\zap@space\@tempa\@empty}
                                                  
I've run across a `}' that doesn't seem to match anything.
For example, `\def\a#1{...}' and `\a}' would produce
this error. If you simply proceed now, the `\par' that
I've just inserted will cause me to report a runaway
argument that might be the root of the problem. But if
your `}' was spurious, just type `2' and it will go away.

Runaway argument?
\@empty 
! Paragraph ended before \zap@space was complete.
<to be read again> 
                   \par 
l.95 ...empa{\expandafter\zap@space\@tempa\@empty}
                                                  
I suspect you've forgotten a `}', causing me to apply this
control sequence to too much text. How can we recover?
My plan is to forget the whole thing and hope for the best.

Runaway argument?
! Paragraph ended before \ip@only@six was complete.
<to be read again> 
                   \par 
l.105 ...ef\@tempc{\expandafter\ip@only@six\@tempa
                                                  ------\@nil}
I suspect you've forgotten a `}', causing me to apply this
control sequence to too much text. How can we recover?
My plan is to forget the whole thing and hope for the best.

! Undefined control sequence.
l.105 ...expandafter\ip@only@six\@tempa------\@nil
                                                  }
The control sequence at the end of the top line
of your error message was never \def'ed. If you have
misspelled it (e.g., `\hobx'), type `I' and the correct
spelling (e.g., `I\hbox'). Otherwise just continue,
and I'll forget about whatever was undefined.

) (/usr/local/texlive/2017/texmf-dist/tex/generic/xstring/xstring.sty
(/usr/local/texlive/2017/texmf-dist/tex/generic/xstring/xstring.tex
\@xs@message=\write4
\integerpart=\count137
\decimalpart=\count138
)
Package: xstring 2013/10/13  v1.7c  String manipulations (C Tellechea)
)
(/usr/local/texlive/2017/texmf-dist/tex/latex/framed/framed.sty
Package: framed 2011/10/22 v 0.96: framed or shaded text with page breaks
\OuterFrameSep=\skip55
\fb@frw=\dimen131
\fb@frh=\dimen132
\FrameRule=\dimen133
\FrameSep=\dimen134
)
\minted@appexistsfile=\read2
\minted@bgbox=\box35
\minted@code=\write5
\c@minted@FancyVerbLineTemp=\count139
\c@minted@pygmentizecounter=\count140
\@float@every@listing=\toks31
\c@listing=\count141
)
runsystem(mkdir -p _minted-arXivSaptarshiAssisi_copy)...executed.

\savedwidth=\skip56

(/usr/local/texlive/2017/texmf-dist/tex/latex/caption/caption.sty
Package: caption 2016/02/21 v3.3-144 Customizing captions (AR)

(/usr/local/texlive/2017/texmf-dist/tex/latex/caption/caption3.sty
Package: caption3 2016/05/22 v1.7-166 caption3 kernel (AR)
Package caption3 Info: TeX engine: e-TeX on input line 67.
\captionmargin=\dimen135
\captionmargin@=\dimen136
\captionwidth=\dimen137
\caption@tempdima=\dimen138
\caption@indent=\dimen139
\caption@parindent=\dimen140
\caption@hangindent=\dimen141
)
\c@ContinuedFloat=\count142
Package caption Info: float package is loaded.
Package caption Info: hyperref package is loaded.
)
(/usr/local/texlive/2017/texmf-dist/tex/latex/lastpage/lastpage.sty
Package: lastpage 2015/03/29 v1.2m Refers to last page's name (HMM; JPG)
)
(/usr/local/texlive/2017/texmf-dist/tex/latex/fancyhdr/fancyhdr.sty
Package: fancyhdr 2016/09/06 3.8 Extensive control of page headers and footers
\fancy@headwidth=\skip57
\f@ncyO@elh=\skip58
\f@ncyO@erh=\skip59
\f@ncyO@olh=\skip60
\f@ncyO@orh=\skip61
\f@ncyO@elf=\skip62
\f@ncyO@erf=\skip63
\f@ncyO@olf=\skip64
\f@ncyO@orf=\skip65
)
(/usr/local/texlive/2017/texmf-dist/tex/latex/graphics/graphicx.sty
Package: graphicx 2014/10/28 v1.0g Enhanced LaTeX Graphics (DPC,SPQR)

(/usr/local/texlive/2017/texmf-dist/tex/latex/graphics/graphics.sty
Package: graphics 2017/04/14 v1.1b Standard LaTeX Graphics (DPC,SPQR)

(/usr/local/texlive/2017/texmf-dist/tex/latex/graphics/trig.sty
Package: trig 2016/01/03 v1.10 sin cos tan (DPC)
)
(/usr/local/texlive/2017/texmf-dist/tex/latex/graphics-cfg/graphics.cfg
File: graphics.cfg 2016/06/04 v1.11 sample graphics configuration
)
Package graphics Info: Driver file: pdftex.def on input line 99.
)
\Gin@req@height=\dimen142
\Gin@req@width=\dimen143
)
(/usr/local/texlive/2017/texmf-dist/tex/latex/oberdiek/epstopdf.sty
Package: epstopdf 2016/05/15 v2.6 Conversion with epstopdf on the fly (HO)

(/usr/local/texlive/2017/texmf-dist/tex/latex/oberdiek/epstopdf-base.sty
Package: epstopdf-base 2016/05/15 v2.6 Base part for package epstopdf

(/usr/local/texlive/2017/texmf-dist/tex/latex/oberdiek/grfext.sty
Package: grfext 2016/05/16 v1.2 Manage graphics extensions (HO)
)
Package epstopdf-base Info: Redefining graphics rule for `.eps' on input line 4
38.
Package grfext Info: Graphics extension search list:
(grfext)             [.png,.pdf,.jpg,.mps,.jpeg,.jbig2,.jb2,.PNG,.PDF,.JPG,.JPE
G,.JBIG2,.JB2,.eps]
(grfext)             \AppendGraphicsExtensions on input line 456.

(/usr/local/texlive/2017/texmf-dist/tex/latex/latexconfig/epstopdf-sys.cfg
File: epstopdf-sys.cfg 2010/07/13 v1.3 Configuration of (r)epstopdf for TeX Liv
e
)))
runsystem(which pygmentize && touch arXivSaptarshiAssisi_copy.aex)...executed.

runsystem(rm arXivSaptarshiAssisi_copy.aex)...executed.


(./arXivSaptarshiAssisi copy.aux

LaTeX Warning: Label `eq:Isyn' multiply defined.

)
\openout1 = `"arXivSaptarshiAssisi copy.aux"'.

LaTeX Font Info:    Checking defaults for OML/cmm/m/it on input line 183.
LaTeX Font Info:    ... okay on input line 183.
LaTeX Font Info:    Checking defaults for T1/cmr/m/n on input line 183.
LaTeX Font Info:    ... okay on input line 183.
LaTeX Font Info:    Checking defaults for OT1/cmr/m/n on input line 183.
LaTeX Font Info:    ... okay on input line 183.
LaTeX Font Info:    Checking defaults for OMS/cmsy/m/n on input line 183.
LaTeX Font Info:    ... okay on input line 183.
LaTeX Font Info:    Checking defaults for OMX/cmex/m/n on input line 183.
LaTeX Font Info:    ... okay on input line 183.
LaTeX Font Info:    Checking defaults for U/cmr/m/n on input line 183.
LaTeX Font Info:    ... okay on input line 183.
LaTeX Font Info:    Checking defaults for TS1/cmr/m/n on input line 183.
LaTeX Font Info:    Try loading font information for TS1+cmr on input line 183.

 (/usr/local/texlive/2017/texmf-dist/tex/latex/base/ts1cmr.fd
File: ts1cmr.fd 2014/09/29 v2.5h Standard LaTeX font definitions
)
LaTeX Font Info:    ... okay on input line 183.
LaTeX Font Info:    Checking defaults for PD1/pdf/m/n on input line 183.
LaTeX Font Info:    ... okay on input line 183.

(/usr/local/texlive/2017/texmf-dist/tex/latex/ucs/ucsencs.def
File: ucsencs.def 2011/01/21 Fixes to fontencodings LGR, T3
)
\AtBeginShipoutBox=\box36
Package hyperref Info: Link coloring OFF on input line 183.
LaTeX Info: Redefining \ref on input line 183.
LaTeX Info: Redefining \pageref on input line 183.
LaTeX Info: Redefining \nameref on input line 183.

(./arXivSaptarshiAssisi copy.out) (./arXivSaptarshiAssisi copy.out)
\@outlinefile=\write6
\openout6 = `"arXivSaptarshiAssisi copy.out"'.

LaTeX Info: Redefining \microtypecontext on input line 183.
Package microtype Info: Generating PDF output.
Package microtype Info: Character protrusion enabled (level 2).
Package microtype Info: Using default protrusion set `alltext'.
Package microtype Info: Automatic font expansion enabled (level 2),
(microtype)             stretch: 20, shrink: 20, step: 1, non-selected.
Package microtype Info: Using default expansion set `basictext'.
Package microtype Info: No adjustment of tracking.
Package microtype Info: No adjustment of interword spacing.
Package microtype Info: No adjustment of character kerning.

(/usr/local/texlive/2017/texmf-dist/tex/latex/microtype/mt-cmr.cfg
File: mt-cmr.cfg 2013/05/19 v2.2 microtype config. file: Computer Modern Roman 
(RS)
)
(/usr/local/texlive/2017/texmf-dist/tex/context/base/mkii/supp-pdf.mkii
[Loading MPS to PDF converter (version 2006.09.02).]
\scratchcounter=\count143
\scratchdimen=\dimen144
\scratchbox=\box37
\nofMPsegments=\count144
\nofMParguments=\count145
\everyMPshowfont=\toks32
\MPscratchCnt=\count146
\MPscratchDim=\dimen145
\MPnumerator=\count147
\makeMPintoPDFobject=\count148
\everyMPtoPDFconversion=\toks33
)
Package caption Info: Begin \AtBeginDocument code.
Package caption Info: End \AtBeginDocument code.
Package lastpage Info: Please have a look at the pageslts package at
(lastpage)             https://www.ctan.org/pkg/pageslts
(lastpage)             ! on input line 183.
 (/usr/local/texlive/2017/texmf-dist/tex/latex/ucs/data/uni-32.def
File: uni-32.def 2013/05/13 UCS: Unicode data U+2000..U+20FF
) [1

{/usr/local/texlive/2017/texmf-var/fonts/map/pdftex/updmap/pdftex.map}]
<Figures/Bench.pdf, id=20, 382.42876pt x 350.91382pt>
File: Figures/Bench.pdf Graphic file (type pdf)
 <use Figures/Bench.pdf>
Package pdftex.def Info: Figures/Bench.pdf used on input line 223.
(pdftex.def)             Requested size: 267.69829pt x 245.638pt.

[2 <./Figures/Bench.pdf>]
LaTeX Font Info:    Try loading font information for U+msa on input line 245.

(/usr/local/texlive/2017/texmf-dist/tex/latex/amsfonts/umsa.fd
File: umsa.fd 2013/01/14 v3.01 AMS symbols A
)
(/usr/local/texlive/2017/texmf-dist/tex/latex/microtype/mt-msa.cfg
File: mt-msa.cfg 2006/02/04 v1.1 microtype config. file: AMS symbols (a) (RS)
)
LaTeX Font Info:    Try loading font information for U+msb on input line 245.

(/usr/local/texlive/2017/texmf-dist/tex/latex/amsfonts/umsb.fd
File: umsb.fd 2013/01/14 v3.01 AMS symbols B
)
(/usr/local/texlive/2017/texmf-dist/tex/latex/microtype/mt-msb.cfg
File: mt-msb.cfg 2005/06/01 v1.0 microtype config. file: AMS symbols (b) (RS)
) [3]
<Figures/fig1.pdf, id=95, 845.04686pt x 597.50786pt>
File: Figures/fig1.pdf Graphic file (type pdf)
 <use Figures/fig1.pdf>
Package pdftex.def Info: Figures/fig1.pdf used on input line 262.
(pdftex.def)             Requested size: 338.01276pt x 238.9989pt.

[4 <./Figures/fig1.pdf>]
\openout3 = `arXivSaptarshiAssisi_copy.pyg'.


(./_minted-arXivSaptarshiAssisi_copy/default-pyg-prefix.pygstyle)
(./_minted-arXivSaptarshiAssisi_copy/default.pygstyle)
(./_minted-arXivSaptarshiAssisi_copy/30BB99158AA20AB1E24311A99C187467B73E6458C9
891C7C9F11927CD65819CE.pygtex
Package microtype Info: Loading generic settings for font family
(microtype)             `cmtt' (encoding: OT1).
(microtype)             For optimal results, create family-specific settings.
(microtype)             See the microtype manual for details.
LaTeX Font Info:    Font shape `OT1/cmtt/bx/n' in size <10> not available
(Font)              Font shape `OT1/cmtt/m/n' tried instead on input line 2.
)

pdfTeX warning: /Library/TeX/texbin/pdflatex (file ./Figures/fig2.pdf): PDF inc
lusion: found PDF version <1.7>, but at most version <1.5> allowed
<Figures/fig2.pdf, id=122, 433.62pt x 289.08pt>
File: Figures/fig2.pdf Graphic file (type pdf)
 <use Figures/fig2.pdf>
Package pdftex.def Info: Figures/fig2.pdf used on input line 287.
(pdftex.def)             Requested size: 303.53192pt x 202.35461pt.
 [5 <./Figures/fig2.pdf>]
\openout3 = `arXivSaptarshiAssisi_copy.pyg'.


(./_minted-arXivSaptarshiAssisi_copy/170C2D3D84AD32672C6F126840A171EEB73E6458C9
891C7C9F11927CD65819CE.pygtex)
\openout3 = `arXivSaptarshiAssisi_copy.pyg'.


(./_minted-arXivSaptarshiAssisi_copy/02CFB7E8828041C8B614834C92E005DDB73E6458C9
891C7C9F11927CD65819CE.pygtex [6])
<Figures/fig4.pdf, id=170, 845.04686pt x 597.50786pt>
File: Figures/fig4.pdf Graphic file (type pdf)
 <use Figures/fig4.pdf>
Package pdftex.def Info: Figures/fig4.pdf used on input line 364.
(pdftex.def)             Requested size: 338.01276pt x 238.9989pt.

[7]
\openout3 = `arXivSaptarshiAssisi_copy.pyg'.


(./_minted-arXivSaptarshiAssisi_copy/1387A2FB12E4EB86AC0FF7627DD82505B73E6458C9
891C7C9F11927CD65819CE.pygtex) [8 <./Figures/fig4.pdf>]
<Figures/fig6.pdf, id=210, 278.83702pt x 301.59921pt>
File: Figures/fig6.pdf Graphic file (type pdf)
 <use Figures/fig6.pdf>
Package pdftex.def Info: Figures/fig6.pdf used on input line 411.
(pdftex.def)             Requested size: 195.18457pt x 211.118pt.
\openout3 = `arXivSaptarshiAssisi_copy.pyg'.


(./_minted-arXivSaptarshiAssisi_copy/DF03A26D01EDA6A3B0FA72A25A012718B73E6458C9
891C7C9F11927CD65819CE.pygtex [9 <./Figures/fig6.pdf>])
\openout3 = `arXivSaptarshiAssisi_copy.pyg'.


(./_minted-arXivSaptarshiAssisi_copy/8C669E0E940EAFCC8AA21E76448FE7BFB73E6458C9
891C7C9F11927CD65819CE.pygtex) [10]
\openout3 = `arXivSaptarshiAssisi_copy.pyg'.


(./_minted-arXivSaptarshiAssisi_copy/BEC3D6B44B57A99F7B0EE82E1D18175CB73E6458C9
891C7C9F11927CD65819CE.pygtex)
\openout3 = `arXivSaptarshiAssisi_copy.pyg'.


(./_minted-arXivSaptarshiAssisi_copy/C0847B2F6967CE2E7D8CED6C437B1795B73E6458C9
891C7C9F11927CD65819CE.pygtex [11])
<Figures/fig6_op.pdf, id=242, 597.50786pt x 540.29411pt>
File: Figures/fig6_op.pdf Graphic file (type pdf)

<use Figures/fig6_op.pdf>
Package pdftex.def Info: Figures/fig6_op.pdf used on input line 544.
(pdftex.def)             Requested size: 298.75319pt x 270.1464pt.
 [12] [13 <./Figures/fig6_op.pdf>]
<Figures/fig7.pdf, id=282, 1011.78pt x 469.755pt>
File: Figures/fig7.pdf Graphic file (type pdf)
 <use Figures/fig7.pdf>
Package pdftex.def Info: Figures/fig7.pdf used on input line 559.
(pdftex.def)             Requested size: 404.70483pt x 187.89867pt.

Overfull \hbox (25.28734pt too wide) in paragraph at lines 559--560
 [] 
 []

(/usr/local/texlive/2017/texmf-dist/tex/latex/ucs/data/uni-34.def
File: uni-34.def 2013/05/13 UCS: Unicode data U+2200..U+22FF
) [14 <./Figures/fig7.pdf>]
\openout3 = `arXivSaptarshiAssisi_copy.pyg'.


(./_minted-arXivSaptarshiAssisi_copy/91A698857EEE4D66E1D08F81A38334D1B73E6458C9
891C7C9F11927CD65819CE.pygtex [15]) [16]
Overfull \hbox (62.12848pt too wide) in paragraph at lines 678--679
\OT1/cmr/m/n/10 (-20) Thus, the trick is to re-or-ga-nize $\OT1/cmr/bx/n/10 X$ 
\OT1/cmr/m/n/10 (-20) as $[] = [(\OML/cmm/m/it/10 V[]; V[]; :::V[]\OT1/cmr/m/n/
10 (-20) )\OML/cmm/m/it/10 ; \OT1/cmr/m/n/10 (-20) (\OML/cmm/m/it/10 m[]; m[]; 
:::m[]\OT1/cmr/m/n/10 (-20) )\OML/cmm/m/it/10 ; \OT1/cmr/m/n/10 (-20) (\OML/cmm
/m/it/10 h[]; h[]; :::h[]\OT1/cmr/m/n/10 (-20) )\OML/cmm/m/it/10 ; \OT1/cmr/m/n
/10 (-20) (\OML/cmm/m/it/10 n[]; n[]; :::n[]\OT1/cmr/m/n/10 (-20) )] =
 []

\openout3 = `arXivSaptarshiAssisi_copy.pyg'.


(./_minted-arXivSaptarshiAssisi_copy/E573D9BC6CE7256F8C5219BD2E6CB34CB73E6458C9
891C7C9F11927CD65819CE.pygtex [17])

pdfTeX warning: /Library/TeX/texbin/pdflatex (file ./Figures/fig12.pdf): PDF in
clusion: found PDF version <1.7>, but at most version <1.5> allowed
<Figures/fig12.pdf, id=342, 433.62pt x 289.08pt>
File: Figures/fig12.pdf Graphic file (type pdf)
 <use Figures/fig12.pdf>
Package pdftex.def Info: Figures/fig12.pdf used on input line 725.
(pdftex.def)             Requested size: 260.17401pt x 173.44933pt.
\openout3 = `arXivSaptarshiAssisi_copy.pyg'.


(./_minted-arXivSaptarshiAssisi_copy/DAEFCFD4B32668587DE14BA321953175B73E6458C9
891C7C9F11927CD65819CE.pygtex) [18 <./Figures/fig12.pdf>]
\openout3 = `arXivSaptarshiAssisi_copy.pyg'.


(./_minted-arXivSaptarshiAssisi_copy/5D1CE78841758289E518D8A617B936A7B73E6458C9
891C7C9F11927CD65819CE.pygtex [19])
\openout3 = `arXivSaptarshiAssisi_copy.pyg'.


(./_minted-arXivSaptarshiAssisi_copy/BD17F6AA92E4654024596EAF8BE810CAB73E6458C9
891C7C9F11927CD65819CE.pygtex [20]) [21]
\openout3 = `arXivSaptarshiAssisi_copy.pyg'.


(./_minted-arXivSaptarshiAssisi_copy/38D0B98357ECF9FC9580D7A6D36F86BBB73E6458C9
891C7C9F11927CD65819CE.pygtex) [22]
\openout3 = `arXivSaptarshiAssisi_copy.pyg'.


(./_minted-arXivSaptarshiAssisi_copy/75A0FDCB6A0AF83D56CA11BC513B7313B73E6458C9
891C7C9F11927CD65819CE.pygtex [23])
\openout3 = `arXivSaptarshiAssisi_copy.pyg'.


(./_minted-arXivSaptarshiAssisi_copy/092D699BE24BC9EF49D2D5300AEC08A8B73E6458C9
891C7C9F11927CD65819CE.pygtex [24])
\openout3 = `arXivSaptarshiAssisi_copy.pyg'.


(./_minted-arXivSaptarshiAssisi_copy/357CBAE4C06CE9C341D47FC28DF97153B73E6458C9
891C7C9F11927CD65819CE.pygtex)
\openout3 = `arXivSaptarshiAssisi_copy.pyg'.


(./_minted-arXivSaptarshiAssisi_copy/AD84972A83B1DB41F6ED0CCB82053629B73E6458C9
891C7C9F11927CD65819CE.pygtex [25])

pdfTeX warning: /Library/TeX/texbin/pdflatex (file ./Figures/fig13.pdf): PDF in
clusion: found PDF version <1.7>, but at most version <1.5> allowed
<Figures/fig13.pdf, id=464, 867.24pt x 216.81pt>
File: Figures/fig13.pdf Graphic file (type pdf)
 <use Figures/fig13.pdf>
Package pdftex.def Info: Figures/fig13.pdf used on input line 1066.
(pdftex.def)             Requested size: 346.88986pt x 86.72246pt.

[26 <./Figures/fig13.pdf>]
\openout3 = `arXivSaptarshiAssisi_copy.pyg'.


(./_minted-arXivSaptarshiAssisi_copy/1B15DED21464A59DE41EEC55B641870BB73E6458C9
891C7C9F11927CD65819CE.pygtex)
\openout3 = `arXivSaptarshiAssisi_copy.pyg'.


(./_minted-arXivSaptarshiAssisi_copy/8BD1409C05247821B4EC00D9FD1911EEB73E6458C9
891C7C9F11927CD65819CE.pygtex [27])
\openout3 = `arXivSaptarshiAssisi_copy.pyg'.


(./_minted-arXivSaptarshiAssisi_copy/02D8632E2623D45B09F15CD6957CDD77B73E6458C9
891C7C9F11927CD65819CE.pygtex) [28]
\openout3 = `arXivSaptarshiAssisi_copy.pyg'.


(./_minted-arXivSaptarshiAssisi_copy/0477407511E54B5968075CB2536FDFCFB73E6458C9
891C7C9F11927CD65819CE.pygtex)
\openout3 = `arXivSaptarshiAssisi_copy.pyg'.


(./_minted-arXivSaptarshiAssisi_copy/77171E7ECE004B59E4BFE20C6B79C86FB73E6458C9
891C7C9F11927CD65819CE.pygtex [29])
\openout3 = `arXivSaptarshiAssisi_copy.pyg'.


(./_minted-arXivSaptarshiAssisi_copy/5D90C83C804894D516A3C81F39A6B516B73E6458C9
891C7C9F11927CD65819CE.pygtex) [30] (./arXivSaptarshiAssisi copy.bbl
Underfull \hbox (badness 1168) in paragraph at lines 43--48
[]\OT1/cmr/m/n/10 (+20) Burak Y, Fi-ete IR.  Ac-cu-rate path in-te-gra-tion in 
con-tin-u-ous at-trac-tor
 []


Underfull \hbox (badness 1527) in paragraph at lines 43--48
\OT1/cmr/m/n/10 (+20) net-work mod-els of grid cells.  PLoS Com-pu-ta-tional Bi
-ol-ogy. 2009;5(2).
 []

[31]
Underfull \hbox (badness 4886) in paragraph at lines 99--101
[]\OT1/cmr/m/n/10 (+20) Neuronal dy-nam-ics;.  Avail-able from: []$\OT1/cmtt/m/
n/10 https : / / www . edx . org / course /
 []

) 
AED: lastpage setting LastPage
[32]
Package atveryend Info: Empty hook `BeforeClearDocument' on input line 1300.
Package atveryend Info: Empty hook `AfterLastShipout' on input line 1300.
 (./arXivSaptarshiAssisi copy.aux)
Package atveryend Info: Executing hook `AtVeryEndDocument' on input line 1300.
Package atveryend Info: Executing hook `AtEndAfterFileList' on input line 1300.

Package rerunfilecheck Info: File `"arXivSaptarshiAssisi copy".out' has not cha
nged.
(rerunfilecheck)             Checksum: D41D8CD98F00B204E9800998ECF8427E;0.


LaTeX Warning: There were multiply-defined labels.

runsystem(rm arXivSaptarshiAssisi_copy.pyg)...executed.

Package atveryend Info: Empty hook `AtVeryVeryEnd' on input line 1300.
 ) 
Here is how much of TeX's memory you used:
 14418 strings out of 492995
 235965 string characters out of 6132704
 402669 words of memory out of 5000000
 17402 multiletter control sequences out of 15000+600000
 10285 words of font info for 74 fonts, out of 8000000 for 9000
 1141 hyphenation exceptions out of 8191
 42i,12n,43p,1928b,610s stack positions out of 5000i,500n,10000p,200000b,80000s
{/usr/local/texlive/2017/texmf-dist/fonts/enc/dvips/cm-super/cm-super-ts1.enc
}</usr/local/texlive/2017/texmf-dist/fonts/type1/public/amsfonts/cm/cmbx10.pfb>
</usr/local/texlive/2017/texmf-dist/fonts/type1/public/amsfonts/cm/cmbx12.pfb><
/usr/local/texlive/2017/texmf-dist/fonts/type1/public/amsfonts/cm/cmex10.pfb></
usr/local/texlive/2017/texmf-dist/fonts/type1/public/amsfonts/cm/cmitt10.pfb></
usr/local/texlive/2017/texmf-dist/fonts/type1/public/amsfonts/cm/cmmi10.pfb></u
sr/local/texlive/2017/texmf-dist/fonts/type1/public/amsfonts/cm/cmmi5.pfb></usr
/local/texlive/2017/texmf-dist/fonts/type1/public/amsfonts/cm/cmmi7.pfb></usr/l
ocal/texlive/2017/texmf-dist/fonts/type1/public/amsfonts/cm/cmr10.pfb></usr/loc
al/texlive/2017/texmf-dist/fonts/type1/public/amsfonts/cm/cmr12.pfb></usr/local
/texlive/2017/texmf-dist/fonts/type1/public/amsfonts/cm/cmr5.pfb></usr/local/te
xlive/2017/texmf-dist/fonts/type1/public/amsfonts/cm/cmr7.pfb></usr/local/texli
ve/2017/texmf-dist/fonts/type1/public/amsfonts/cm/cmsy10.pfb></usr/local/texliv
e/2017/texmf-dist/fonts/type1/public/amsfonts/cm/cmsy5.pfb></usr/local/texlive/
2017/texmf-dist/fonts/type1/public/amsfonts/cm/cmsy7.pfb></usr/local/texlive/20
17/texmf-dist/fonts/type1/public/amsfonts/cm/cmtt10.pfb></usr/local/texlive/201
7/texmf-dist/fonts/type1/public/amsfonts/symbols/msam10.pfb></usr/local/texlive
/2017/texmf-dist/fonts/type1/public/cm-super/sfrm1000.pfb>
Output written on "arXivSaptarshiAssisi copy.pdf" (32 pages, 511662 bytes).
PDF statistics:
 664 PDF objects out of 1000 (max. 8388607)
 484 compressed objects within 5 object streams
 176 named destinations out of 1000 (max. 500000)
 9774 words of extra memory for PDF output out of 10000 (max. 10000000)

